<?xml version="1.0" encoding="UTF-8"?>
<testng-results skipped="0" failed="0" ignored="0" total="1" passed="1">
  <reporter-output>
  </reporter-output>
  <suite name="Default suite" duration-ms="12191" started-at="2020-04-18T14:59:10Z" finished-at="2020-04-18T14:59:22Z">
    <groups>
    </groups>
    <test name="Default test" duration-ms="12191" started-at="2020-04-18T14:59:10Z" finished-at="2020-04-18T14:59:22Z">
      <class name="Tests.ProceedToCheckOutTest">
        <test-method status="PASS" signature="startDriver(java.lang.String)[pri:0, instance:Tests.ProceedToCheckOutTest@1198b989]" name="startDriver" is-config="true" duration-ms="7607" started-at="2020-04-18T14:59:02Z" finished-at="2020-04-18T14:59:10Z">
          <params>
            <param index="0">
              <value>
                <![CDATA[chrome]]>
              </value>
            </param>
          </params>
          <reporter-output>
          </reporter-output>
        </test-method> <!-- startDriver -->
        <test-method status="PASS" signature="authenticateUser()[pri:0, instance:Tests.ProceedToCheckOutTest@1198b989]" name="authenticateUser" duration-ms="12113" started-at="2020-04-18T14:59:10Z" finished-at="2020-04-18T14:59:22Z">
          <reporter-output>
          </reporter-output>
        </test-method> <!-- authenticateUser -->
        <test-method status="PASS" signature="screenShotOnFailure(org.testng.ITestResult)[pri:0, instance:Tests.ProceedToCheckOutTest@1198b989]" name="screenShotOnFailure" is-config="true" duration-ms="3" started-at="2020-04-18T14:59:22Z" finished-at="2020-04-18T14:59:22Z">
          <params>
            <param index="0">
              <value>
                <![CDATA[[TestResult name=authenticateUser status=SUCCESS method=ProceedToCheckOutTest.authenticateUser()[pri:0, instance:Tests.ProceedToCheckOutTest@1198b989] output={null}]]]>
              </value>
            </param>
          </params>
          <reporter-output>
          </reporter-output>
        </test-method> <!-- screenShotOnFailure -->
        <test-method status="PASS" signature="closeDriver()[pri:0, instance:Tests.ProceedToCheckOutTest@1198b989]" name="closeDriver" is-config="true" duration-ms="1" started-at="2020-04-18T14:59:22Z" finished-at="2020-04-18T14:59:22Z">
          <reporter-output>
          </reporter-output>
        </test-method> <!-- closeDriver -->
      </class> <!-- Tests.ProceedToCheckOutTest -->
    </test> <!-- Default test -->
  </suite> <!-- Default suite -->
</testng-results>
